

Processing ItemController#show (for 200.5.119.154 at 2010-02-16 15:04:30) [GET]
  Parameters: {"id"=>"1"}
  [4;36;1mSQL (0.1ms)[0m   [0;1mSET NAMES 'utf8'[0m
  [4;35;1mSQL (0.1ms)[0m   [0mSET SQL_AUTO_IS_NULL=0[0m
  [4;36;1mItem Columns (0.9ms)[0m   [0;1mSHOW FIELDS FROM `items`[0m
  [4;35;1mItem Load (0.2ms)[0m   [0mSELECT * FROM `items` WHERE (`items`.`id` = 1) [0m
  [4;36;1mCustomer Columns (29.0ms)[0m   [0;1mSHOW FIELDS FROM `customers`[0m
  [4;35;1mCustomer Load (0.2ms)[0m   [0mSELECT * FROM `customers` WHERE (`customers`.`id` = 1) [0m
Rendering item/show
Completed in 71ms (View: 29, DB: 31) | 200 OK [http://ec2-75-101-186-222.compute-1.amazonaws.com/item/show/1]


Processing ItemController#show (for 200.42.143.186 at 2010-02-16 15:05:06) [GET]
  Parameters: {"id"=>"1"}
  [4;36;1mSQL (0.1ms)[0m   [0;1mSET NAMES 'utf8'[0m
  [4;35;1mSQL (0.1ms)[0m   [0mSET SQL_AUTO_IS_NULL=0[0m
  [4;36;1mItem Columns (40.2ms)[0m   [0;1mSHOW FIELDS FROM `items`[0m
  [4;35;1mItem Load (0.2ms)[0m   [0mSELECT * FROM `items` WHERE (`items`.`id` = 1) [0m
  [4;36;1mCustomer Columns (0.7ms)[0m   [0;1mSHOW FIELDS FROM `customers`[0m
  [4;35;1mCustomer Load (0.2ms)[0m   [0mSELECT * FROM `customers` WHERE (`customers`.`id` = 1) [0m
Rendering item/show
Completed in 92ms (View: 40, DB: 41) | 200 OK [http://ec2-75-101-186-222.compute-1.amazonaws.com/item/show/1]


Processing ItemController#show (for 200.42.143.186 at 2010-02-16 15:20:09) [GET]
  Parameters: {"id"=>"1"}
  [4;36;1mSQL (0.1ms)[0m   [0;1mSET NAMES 'utf8'[0m
  [4;35;1mSQL (0.1ms)[0m   [0mSET SQL_AUTO_IS_NULL=0[0m
  [4;36;1mItem Columns (0.9ms)[0m   [0;1mSHOW FIELDS FROM `items`[0m
  [4;35;1mItem Load (0.2ms)[0m   [0mSELECT * FROM `items` WHERE (`items`.`id` = 1) [0m
  [4;36;1mCustomer Columns (0.8ms)[0m   [0;1mSHOW FIELDS FROM `customers`[0m
  [4;35;1mCustomer Load (0.2ms)[0m   [0mSELECT * FROM `customers` WHERE (`customers`.`id` = 1) [0m
Rendering item/show
Completed in 56ms (View: 33, DB: 2) | 200 OK [http://ec2-75-101-186-222.compute-1.amazonaws.com/item/show/1]


Processing ItemController#show (for 200.5.119.154 at 2010-02-17 08:52:34) [GET]
  Parameters: {"id"=>"1"}
  [4;36;1mSQL (0.1ms)[0m   [0;1mSET NAMES 'utf8'[0m
  [4;35;1mSQL (0.1ms)[0m   [0mSET SQL_AUTO_IS_NULL=0[0m
  [4;36;1mItem Columns (1.0ms)[0m   [0;1mSHOW FIELDS FROM `items`[0m
  [4;35;1mItem Load (0.2ms)[0m   [0mSELECT * FROM `items` WHERE (`items`.`id` = 1) [0m
  [4;36;1mCustomer Columns (20.4ms)[0m   [0;1mSHOW FIELDS FROM `customers`[0m
  [4;35;1mCustomer Load (0.3ms)[0m   [0mSELECT * FROM `customers` WHERE (`customers`.`id` = 1) [0m
Rendering item/show
Completed in 96ms (View: 26, DB: 22) | 200 OK [http://ec2-75-101-186-222.compute-1.amazonaws.com/item/show/1]


Processing ItemController#show (for 200.5.119.154 at 2010-02-17 09:39:41) [GET]
  Parameters: {"id"=>"1", "locale"=>"es"}
  [4;36;1mSQL (0.1ms)[0m   [0;1mSET NAMES 'utf8'[0m
  [4;35;1mSQL (0.1ms)[0m   [0mSET SQL_AUTO_IS_NULL=0[0m
  [4;36;1mItem Columns (41.9ms)[0m   [0;1mSHOW FIELDS FROM `items`[0m
  [4;35;1mItem Load (0.3ms)[0m   [0mSELECT * FROM `items` WHERE (`items`.`id` = 1) [0m
  [4;36;1mCustomer Columns (0.7ms)[0m   [0;1mSHOW FIELDS FROM `customers`[0m
  [4;35;1mCustomer Load (0.2ms)[0m   [0mSELECT * FROM `customers` WHERE (`customers`.`id` = 1) [0m
Rendering item/show
Completed in 99ms (View: 46, DB: 43) | 200 OK [http://ec2-75-101-186-222.compute-1.amazonaws.com/item/show/1?locale=es]


Processing ItemController#show (for 200.5.119.154 at 2010-02-17 09:40:15) [GET]
  Parameters: {"id"=>"1"}
  [4;36;1mSQL (0.1ms)[0m   [0;1mSET NAMES 'utf8'[0m
  [4;35;1mSQL (0.1ms)[0m   [0mSET SQL_AUTO_IS_NULL=0[0m
  [4;36;1mItem Columns (0.8ms)[0m   [0;1mSHOW FIELDS FROM `items`[0m
  [4;35;1mItem Load (0.3ms)[0m   [0mSELECT * FROM `items` WHERE (`items`.`id` = 1) [0m
  [4;36;1mCustomer Columns (0.7ms)[0m   [0;1mSHOW FIELDS FROM `customers`[0m
  [4;35;1mCustomer Load (0.3ms)[0m   [0mSELECT * FROM `customers` WHERE (`customers`.`id` = 1) [0m
Rendering item/show
Completed in 101ms (View: 47, DB: 2) | 200 OK [http://ec2-75-101-186-222.compute-1.amazonaws.com/item/show/1]


Processing ItemController#show (for 200.5.119.154 at 2010-02-17 10:03:37) [GET]
  Parameters: {"id"=>"1"}
  [4;36;1mSQL (0.1ms)[0m   [0;1mSET NAMES 'utf8'[0m
  [4;35;1mSQL (0.1ms)[0m   [0mSET SQL_AUTO_IS_NULL=0[0m
  [4;36;1mItem Columns (0.8ms)[0m   [0;1mSHOW FIELDS FROM `items`[0m
  [4;35;1mItem Load (0.3ms)[0m   [0mSELECT * FROM `items` WHERE (`items`.`id` = 1) [0m
  [4;36;1mCustomer Columns (0.7ms)[0m   [0;1mSHOW FIELDS FROM `customers`[0m
  [4;35;1mCustomer Load (0.3ms)[0m   [0mSELECT * FROM `customers` WHERE (`customers`.`id` = 1) [0m
Rendering item/show
Completed in 100ms (View: 44, DB: 2) | 200 OK [http://ec2-75-101-186-222.compute-1.amazonaws.com/item/show/1]


Processing ItemController#show (for 200.5.119.154 at 2010-02-17 10:08:12) [GET]
  Parameters: {"id"=>"1"}
  [4;36;1mSQL (0.1ms)[0m   [0;1mSET NAMES 'utf8'[0m
  [4;35;1mSQL (0.1ms)[0m   [0mSET SQL_AUTO_IS_NULL=0[0m
  [4;36;1mItem Columns (0.8ms)[0m   [0;1mSHOW FIELDS FROM `items`[0m
  [4;35;1mItem Load (0.3ms)[0m   [0mSELECT * FROM `items` WHERE (`items`.`id` = 1) [0m
  [4;36;1mCustomer Columns (0.7ms)[0m   [0;1mSHOW FIELDS FROM `customers`[0m
  [4;35;1mCustomer Load (0.2ms)[0m   [0mSELECT * FROM `customers` WHERE (`customers`.`id` = 1) [0m
Rendering item/show
Completed in 229ms (View: 61, DB: 2) | 200 OK [http://ec2-75-101-186-222.compute-1.amazonaws.com/item/show/1]


Processing ApplicationController#index (for 200.5.119.154 at 2010-02-17 10:12:46) [GET]


ActionController::RoutingError (No route matches "/items/show/1" with {:method=>:get}):
    /usr/lib/ruby/gems/1.8/gems/actionpack-2.2.2/lib/action_controller/routing/recognition_optimisation.rb:66:in `recognize_path'
    /usr/lib/ruby/gems/1.8/gems/actionpack-2.2.2/lib/action_controller/routing/route_set.rb:386:in `recognize'
    /usr/lib/ruby/gems/1.8/gems/actionpack-2.2.2/lib/action_controller/dispatcher.rb:182:in `handle_request'
    /usr/lib/ruby/gems/1.8/gems/actionpack-2.2.2/lib/action_controller/dispatcher.rb:110:in `dispatch_unlocked'
    /usr/lib/ruby/gems/1.8/gems/actionpack-2.2.2/lib/action_controller/dispatcher.rb:123:in `dispatch'
    /usr/lib/ruby/gems/1.8/gems/actionpack-2.2.2/lib/action_controller/dispatcher.rb:122:in `synchronize'
    /usr/lib/ruby/gems/1.8/gems/actionpack-2.2.2/lib/action_controller/dispatcher.rb:122:in `dispatch'
    /usr/lib/ruby/gems/1.8/gems/actionpack-2.2.2/lib/action_controller/dispatcher.rb:132:in `dispatch_cgi'
    /usr/lib/ruby/gems/1.8/gems/actionpack-2.2.2/lib/action_controller/dispatcher.rb:39:in `dispatch'
    /usr/lib/ruby/gems/1.8/gems/mongrel-1.1.5/bin/../lib/mongrel/rails.rb:76:in `process'
    /usr/lib/ruby/gems/1.8/gems/mongrel-1.1.5/bin/../lib/mongrel/rails.rb:74:in `synchronize'
    /usr/lib/ruby/gems/1.8/gems/mongrel-1.1.5/bin/../lib/mongrel/rails.rb:74:in `process'
    /usr/lib/ruby/gems/1.8/gems/mongrel-1.1.5/lib/mongrel.rb:159:in `process_client'
    /usr/lib/ruby/gems/1.8/gems/mongrel-1.1.5/lib/mongrel.rb:158:in `each'
    /usr/lib/ruby/gems/1.8/gems/mongrel-1.1.5/lib/mongrel.rb:158:in `process_client'
    /usr/lib/ruby/gems/1.8/gems/mongrel-1.1.5/lib/mongrel.rb:285:in `run'
    /usr/lib/ruby/gems/1.8/gems/mongrel-1.1.5/lib/mongrel.rb:285:in `initialize'
    /usr/lib/ruby/gems/1.8/gems/mongrel-1.1.5/lib/mongrel.rb:285:in `new'
    /usr/lib/ruby/gems/1.8/gems/mongrel-1.1.5/lib/mongrel.rb:285:in `run'
    /usr/lib/ruby/gems/1.8/gems/mongrel-1.1.5/lib/mongrel.rb:268:in `initialize'
    /usr/lib/ruby/gems/1.8/gems/mongrel-1.1.5/lib/mongrel.rb:268:in `new'
    /usr/lib/ruby/gems/1.8/gems/mongrel-1.1.5/lib/mongrel.rb:268:in `run'
    /usr/lib/ruby/gems/1.8/gems/mongrel-1.1.5/lib/mongrel/configurator.rb:282:in `run'
    /usr/lib/ruby/gems/1.8/gems/mongrel-1.1.5/lib/mongrel/configurator.rb:281:in `each'
    /usr/lib/ruby/gems/1.8/gems/mongrel-1.1.5/lib/mongrel/configurator.rb:281:in `run'
    /usr/lib/ruby/gems/1.8/gems/mongrel-1.1.5/bin/mongrel_rails:128:in `run'
    /usr/lib/ruby/gems/1.8/gems/mongrel-1.1.5/lib/mongrel/command.rb:212:in `run'
    /usr/lib/ruby/gems/1.8/gems/mongrel-1.1.5/bin/mongrel_rails:281
    /usr/lib/ruby/gems/1.8/gems/activesupport-2.2.2/lib/active_support/dependencies.rb:142:in `load_without_new_constant_marking'
    /usr/lib/ruby/gems/1.8/gems/activesupport-2.2.2/lib/active_support/dependencies.rb:142:in `load'
    /usr/lib/ruby/gems/1.8/gems/activesupport-2.2.2/lib/active_support/dependencies.rb:521:in `new_constants_in'
    /usr/lib/ruby/gems/1.8/gems/activesupport-2.2.2/lib/active_support/dependencies.rb:142:in `load'
    /usr/lib/ruby/gems/1.8/gems/rails-2.2.2/lib/commands/servers/mongrel.rb:64
    /usr/lib/ruby/site_ruby/1.8/rubygems/custom_require.rb:31:in `gem_original_require'
    /usr/lib/ruby/site_ruby/1.8/rubygems/custom_require.rb:31:in `require'
    /usr/lib/ruby/gems/1.8/gems/activesupport-2.2.2/lib/active_support/dependencies.rb:153:in `require'
    /usr/lib/ruby/gems/1.8/gems/activesupport-2.2.2/lib/active_support/dependencies.rb:521:in `new_constants_in'
    /usr/lib/ruby/gems/1.8/gems/activesupport-2.2.2/lib/active_support/dependencies.rb:153:in `require'
    /usr/lib/ruby/gems/1.8/gems/rails-2.2.2/lib/commands/server.rb:49
    /usr/lib/ruby/site_ruby/1.8/rubygems/custom_require.rb:31:in `gem_original_require'
    /usr/lib/ruby/site_ruby/1.8/rubygems/custom_require.rb:31:in `require'
    script/server:3

Rendering /usr/lib/ruby/gems/1.8/gems/actionpack-2.2.2/lib/action_controller/templates/rescues/layout.erb (not_found)


Processing ItemController#show (for 10.254.175.224 at 2010-02-17 10:13:48) [GET]
  Parameters: {"id"=>"1"}
  [4;36;1mSQL (0.1ms)[0m   [0;1mSET NAMES 'utf8'[0m
  [4;35;1mSQL (0.1ms)[0m   [0mSET SQL_AUTO_IS_NULL=0[0m
  [4;36;1mItem Columns (0.8ms)[0m   [0;1mSHOW FIELDS FROM `items`[0m
  [4;35;1mItem Load (0.3ms)[0m   [0mSELECT * FROM `items` WHERE (`items`.`id` = 1) [0m
  [4;36;1mCustomer Columns (10.7ms)[0m   [0;1mSHOW FIELDS FROM `customers`[0m
  [4;35;1mCustomer Load (0.2ms)[0m   [0mSELECT * FROM `customers` WHERE (`customers`.`id` = 1) [0m
Rendering item/show
Completed in 83ms (View: 50, DB: 12) | 200 OK [http://ec2-75-101-186-222.compute-1.amazonaws.com/item/show/1]


Processing ItemController#show (for 200.5.119.154 at 2010-02-17 10:13:57) [GET]
  Parameters: {"id"=>"1"}
  [4;36;1mSQL (0.1ms)[0m   [0;1mSET NAMES 'utf8'[0m
  [4;35;1mSQL (0.1ms)[0m   [0mSET SQL_AUTO_IS_NULL=0[0m
  [4;36;1mItem Columns (0.9ms)[0m   [0;1mSHOW FIELDS FROM `items`[0m
  [4;35;1mItem Load (0.2ms)[0m   [0mSELECT * FROM `items` WHERE (`items`.`id` = 1) [0m
  [4;36;1mCustomer Columns (0.8ms)[0m   [0;1mSHOW FIELDS FROM `customers`[0m
  [4;35;1mCustomer Load (0.2ms)[0m   [0mSELECT * FROM `customers` WHERE (`customers`.`id` = 1) [0m
Rendering item/show
Completed in 80ms (View: 55, DB: 2) | 200 OK [http://ec2-75-101-186-222.compute-1.amazonaws.com/item/show/1]


Processing ItemController#show (for 200.5.119.154 at 2010-02-17 10:14:08) [GET]
  Parameters: {"id"=>"1", "locale"=>"es"}
  [4;36;1mSQL (0.1ms)[0m   [0;1mSET NAMES 'utf8'[0m
  [4;35;1mSQL (0.1ms)[0m   [0mSET SQL_AUTO_IS_NULL=0[0m
  [4;36;1mItem Columns (0.9ms)[0m   [0;1mSHOW FIELDS FROM `items`[0m
  [4;35;1mItem Load (0.2ms)[0m   [0mSELECT * FROM `items` WHERE (`items`.`id` = 1) [0m
  [4;36;1mCustomer Columns (0.8ms)[0m   [0;1mSHOW FIELDS FROM `customers`[0m
  [4;35;1mCustomer Load (0.2ms)[0m   [0mSELECT * FROM `customers` WHERE (`customers`.`id` = 1) [0m
Rendering item/show
Completed in 71ms (View: 52, DB: 2) | 200 OK [http://ec2-75-101-186-222.compute-1.amazonaws.com/item/show/1?locale=es]


Processing ItemController#show (for 200.5.119.154 at 2010-02-17 10:15:10) [GET]
  Parameters: {"id"=>"1", "locale"=>"es"}
  [4;36;1mSQL (0.1ms)[0m   [0;1mSET NAMES 'utf8'[0m
  [4;35;1mSQL (0.1ms)[0m   [0mSET SQL_AUTO_IS_NULL=0[0m
  [4;36;1mItem Columns (0.9ms)[0m   [0;1mSHOW FIELDS FROM `items`[0m
  [4;35;1mItem Load (0.2ms)[0m   [0mSELECT * FROM `items` WHERE (`items`.`id` = 1) [0m
  [4;36;1mCustomer Columns (0.8ms)[0m   [0;1mSHOW FIELDS FROM `customers`[0m
  [4;35;1mCustomer Load (0.2ms)[0m   [0mSELECT * FROM `customers` WHERE (`customers`.`id` = 1) [0m
Rendering item/show
Completed in 73ms (View: 44, DB: 2) | 200 OK [http://ec2-75-101-186-222.compute-1.amazonaws.com/item/show/1?locale=es]
  [4;36;1mSQL (54.3ms)[0m   [0;1mSET NAMES 'utf8'[0m
  [4;35;1mSQL (0.2ms)[0m   [0mSET SQL_AUTO_IS_NULL=0[0m
  [4;36;1mSQL (0.2ms)[0m   [0;1mCREATE DATABASE `railsvip_development` DEFAULT CHARACTER SET `utf8` COLLATE `utf8_general_ci`[0m
  [4;36;1mSQL (0.1ms)[0m   [0;1mSET NAMES 'utf8'[0m
  [4;35;1mSQL (0.1ms)[0m   [0mSET SQL_AUTO_IS_NULL=0[0m
  [4;36;1mSQL (0.4ms)[0m   [0;1mSHOW TABLES[0m
  [4;35;1mSQL (4.8ms)[0m   [0mCREATE TABLE `schema_migrations` (`version` varchar(255) NOT NULL) ENGINE=InnoDB[0m
  [4;36;1mSQL (3.6ms)[0m   [0;1mCREATE UNIQUE INDEX `unique_schema_migrations` ON `schema_migrations` (`version`)[0m
  [4;35;1mSQL (0.3ms)[0m   [0mSHOW TABLES[0m
  [4;36;1mSQL (0.3ms)[0m   [0;1mSELECT version FROM schema_migrations[0m
Migrating to CreateCustomers (20100215180526)
  [4;35;1mSQL (2.1ms)[0m   [0mCREATE TABLE `customers` (`id` int(11) DEFAULT NULL auto_increment PRIMARY KEY, `nickname` varchar(255), `created_at` datetime, `updated_at` datetime) ENGINE=InnoDB[0m
  [4;36;1mSQL (0.3ms)[0m   [0;1mINSERT INTO schema_migrations (version) VALUES ('20100215180526')[0m
Migrating to CreateItems (20100215180752)
  [4;35;1mSQL (1.6ms)[0m   [0mCREATE TABLE `items` (`id` int(11) DEFAULT NULL auto_increment PRIMARY KEY, `image` varchar(255), `titulo` varchar(255), `customer_id` int(11), `created_at` datetime, `updated_at` datetime) ENGINE=InnoDB[0m
  [4;36;1mSQL (60.4ms)[0m   [0;1mINSERT INTO schema_migrations (version) VALUES ('20100215180752')[0m
Migrating to AddDescriptionToItem (20100216152131)
  [4;35;1mSQL (3.1ms)[0m   [0mALTER TABLE `items` ADD `description` text[0m
  [4;36;1mSQL (0.4ms)[0m   [0;1mINSERT INTO schema_migrations (version) VALUES ('20100216152131')[0m
  [4;35;1mSQL (0.3ms)[0m   [0mSHOW TABLES[0m
  [4;36;1mSQL (0.2ms)[0m   [0;1mSELECT version FROM schema_migrations[0m
  [4;35;1mSQL (0.1ms)[0m   [0mSHOW TABLES[0m
  [4;36;1mSQL (0.8ms)[0m   [0;1mSHOW FIELDS FROM `customers`[0m
  [4;35;1mSQL (0.5ms)[0m   [0mdescribe `customers`[0m
  [4;36;1mSQL (0.2ms)[0m   [0;1mSHOW KEYS FROM `customers`[0m
  [4;35;1mSQL (0.7ms)[0m   [0mSHOW FIELDS FROM `items`[0m
  [4;36;1mSQL (0.6ms)[0m   [0;1mdescribe `items`[0m
  [4;35;1mSQL (0.2ms)[0m   [0mSHOW KEYS FROM `items`[0m


Processing CustomersController#index (for 200.5.119.154 at 2010-02-17 11:46:49) [GET]
  [4;36;1mSQL (0.1ms)[0m   [0;1mSET NAMES 'utf8'[0m
  [4;35;1mSQL (0.1ms)[0m   [0mSET SQL_AUTO_IS_NULL=0[0m
  [4;36;1mCustomer Load (0.3ms)[0m   [0;1mSELECT * FROM `customers` [0m
Rendering template within layouts/customers
Rendering customers/index
Completed in 11ms (View: 4, DB: 1) | 200 OK [http://ec2-184-73-12-218.compute-1.amazonaws.com/customers]


Processing CustomersController#new (for 200.5.119.154 at 2010-02-17 11:46:55) [GET]
  [4;35;1mSQL (0.1ms)[0m   [0mSET NAMES 'utf8'[0m
  [4;36;1mSQL (0.1ms)[0m   [0;1mSET SQL_AUTO_IS_NULL=0[0m
  [4;35;1mCustomer Columns (0.7ms)[0m   [0mSHOW FIELDS FROM `customers`[0m
Rendering template within layouts/customers
Rendering customers/new
Completed in 13ms (View: 7, DB: 1) | 200 OK [http://ec2-184-73-12-218.compute-1.amazonaws.com/customers/new]


Processing CustomersController#index (for 200.5.119.154 at 2010-02-17 11:46:58) [GET]
  [4;36;1mSQL (0.1ms)[0m   [0;1mSET NAMES 'utf8'[0m
  [4;35;1mSQL (0.1ms)[0m   [0mSET SQL_AUTO_IS_NULL=0[0m
  [4;36;1mCustomer Load (0.3ms)[0m   [0;1mSELECT * FROM `customers` [0m
Rendering template within layouts/customers
Rendering customers/index
Completed in 10ms (View: 4, DB: 0) | 200 OK [http://ec2-184-73-12-218.compute-1.amazonaws.com/customers]
